<?xml version="1.0" encoding="UTF-8"?>
<!-- Generated by org.testng.reporters.JUnitReportReporter -->
<testsuite skipped="0" hostname="LAPTOP-FFVSMRR9" name="com.actitime.testscripts.ProjectModule" tests="2" failures="0" timestamp="2023-02-05T20:47:07 IST" time="0.053" errors="0">
  <testcase name="deleteProject" time="0.015" classname="com.actitime.testscripts.ProjectModule"/>
  <system-out>
    <![CDATA[DeleteProject]]>
  </system-out>
  <testcase name="createProject" time="0.038" classname="com.actitime.testscripts.ProjectModule"/>
  <system-out>
    <![CDATA[CreateProject]]>
  </system-out>
</testsuite> <!-- com.actitime.testscripts.ProjectModule -->
