<?xml version="1.0" encoding="UTF-8"?>
<!-- Generated by org.testng.reporters.JUnitReportReporter -->
<testsuite skipped="0" hostname="LAPTOP-FFVSMRR9" name="com.actitime.testscripts.CustomerModule" tests="5" failures="0" timestamp="2023-02-05T21:26:25 IST" time="0.079" errors="0">
  <testcase name="testDeleteCustomer" time="0.000" classname="com.actitime.testscripts.CustomerModule"/>
  <system-out>
    <![CDATA[DeleteCustomer]]>
  </system-out>
  <testcase name="testCreateCustomer" time="0.032" classname="com.actitime.testscripts.CustomerModule"/>
  <system-out>
    <![CDATA[CreateCustomer]]>
  </system-out>
  <testcase name="testRegisterCustomer" time="0.016" classname="com.actitime.testscripts.CustomerModule"/>
  <system-out>
    <![CDATA[RegisterCustomer]]>
  </system-out>
  <testcase name="testEditCustomer" time="0.031" classname="com.actitime.testscripts.CustomerModule"/>
  <system-out>
    <![CDATA[EditCustomer]]>
  </system-out>
  <testcase name="testEditCustomer" time="0.000" classname="com.actitime.testscripts.CustomerModule"/>
  <system-out>
    <![CDATA[EditCustomer]]>
  </system-out>
</testsuite> <!-- com.actitime.testscripts.CustomerModule -->
