<?xml version="1.0" encoding="UTF-8"?>
<!-- Generated by org.testng.reporters.JUnitReportReporter -->
<testsuite skipped="0" hostname="LAPTOP-FFVSMRR9" name="org.ProjectName.testng.DemoTestng" tests="1" failures="0" timestamp="2023-01-07T17:51:42 IST" time="0.026" errors="0">
  <testcase name="testDemo" time="0.026" classname="org.ProjectName.testng.DemoTestng"/>
  <system-out>
    <![CDATA[hii
hello
bye]]>
  </system-out>
</testsuite> <!-- org.ProjectName.testng.DemoTestng -->
