<?xml version="1.0" encoding="UTF-8"?>
<!-- Generated by org.testng.reporters.JUnitReportReporter -->
<testsuite skipped="0" hostname="LAPTOP-FFVSMRR9" name="com.actitime.testscripts.DemoTestng" tests="1" failures="0" timestamp="2023-02-05T20:30:55 IST" time="0.031" errors="0">
  <testcase name="testDemo" time="0.031" classname="com.actitime.testscripts.DemoTestng"/>
  <system-out>
    <![CDATA[hii
hello
bye]]>
  </system-out>
</testsuite> <!-- com.actitime.testscripts.DemoTestng -->
